\BOOKMARK [0][]{chapter*.2}{List of Tables}{}% 1
\BOOKMARK [0][]{chapter*.3}{List of Figures}{}% 2
\BOOKMARK [0][]{chapter.1}{Introduction}{}% 3
\BOOKMARK [1][]{section.1.1}{Current Methods}{chapter.1}% 4
\BOOKMARK [1][]{section.1.2}{Our Contribution}{chapter.1}% 5
\BOOKMARK [1][]{section.1.3}{Outline}{chapter.1}% 6
\BOOKMARK [0][]{chapter.2}{Initial Work}{}% 7
\BOOKMARK [1][]{section.2.1}{Data Storage Analysis Background}{chapter.2}% 8
\BOOKMARK [1][]{section.2.2}{Approach}{chapter.2}% 9
\BOOKMARK [1][]{section.2.3}{Procedure}{chapter.2}% 10
\BOOKMARK [2][]{subsection.2.3.1}{Data Preprocessing}{section.2.3}% 11
\BOOKMARK [2][]{subsection.2.3.2}{Mapping Data}{section.2.3}% 12
\BOOKMARK [2][]{subsection.2.3.3}{Graphics}{section.2.3}% 13
\BOOKMARK [1][]{section.2.4}{Results}{chapter.2}% 14
\BOOKMARK [0][]{chapter.3}{Related Works in Parallel Coordinates}{}% 15
\BOOKMARK [1][]{section.3.1}{Parallel Coordinates Background}{chapter.3}% 16
\BOOKMARK [1][]{section.3.2}{Data Binning}{chapter.3}% 17
\BOOKMARK [1][]{section.3.3}{Temporal Depth Cues}{chapter.3}% 18
\BOOKMARK [1][]{section.3.4}{Dimension Reordering}{chapter.3}% 19
\BOOKMARK [1][]{section.3.5}{Visualization Enhancing Curves}{chapter.3}% 20
\BOOKMARK [1][]{section.3.6}{Common Objective}{chapter.3}% 21
\BOOKMARK [0][]{chapter.4}{Data Storage System Visualization}{}% 22
\BOOKMARK [1][]{section.4.1}{Dataset Overview}{chapter.4}% 23
\BOOKMARK [1][]{section.4.2}{Continuous Axes}{chapter.4}% 24
\BOOKMARK [1][]{section.4.3}{Discrete Axes}{chapter.4}% 25
\BOOKMARK [1][]{section.4.4}{Circular Histograms}{chapter.4}% 26
\BOOKMARK [1][]{section.4.5}{Focus+Context}{chapter.4}% 27
\BOOKMARK [1][]{section.4.6}{Thread Coloring}{chapter.4}% 28
\BOOKMARK [2][]{subsection.4.6.1}{Thread Identification Algorithm}{section.4.6}% 29
\BOOKMARK [2][]{subsection.4.6.2}{Unique Color Generation}{section.4.6}% 30
\BOOKMARK [1][]{section.4.7}{Implementation}{chapter.4}% 31
\BOOKMARK [2][]{subsection.4.7.1}{Languages and Frameworks}{section.4.7}% 32
\BOOKMARK [2][]{subsection.4.7.2}{Data Preprocessing}{section.4.7}% 33
\BOOKMARK [2][]{subsection.4.7.3}{Rendering}{section.4.7}% 34
\BOOKMARK [2][]{subsection.4.7.4}{Usability}{section.4.7}% 35
\BOOKMARK [0][]{chapter.5}{Results}{}% 36
\BOOKMARK [1][]{section.5.1}{Images}{chapter.5}% 37
\BOOKMARK [1][]{section.5.2}{Tool Comparison}{chapter.5}% 38
\BOOKMARK [1][]{section.5.3}{User Study}{chapter.5}% 39
\BOOKMARK [1][]{section.5.4}{Known Limitations}{chapter.5}% 40
\BOOKMARK [1][]{section.5.5}{Conclusion}{chapter.5}% 41
\BOOKMARK [0][]{chapter.6}{Future Work}{}% 42
\BOOKMARK [0][]{chapter*.6}{Bibliography}{}% 43
\BOOKMARK [0][]{appendix.A}{User Study}{}% 44
\BOOKMARK [1][]{section.A.1}{User Study Questions}{appendix.A}% 45
\BOOKMARK [1][]{section.A.2}{User Study Responses}{appendix.A}% 46
\BOOKMARK [0][]{appendix.B}{Data Storage System Visualization Documentation}{}% 47
\BOOKMARK [1][]{section.B.1}{Axes}{appendix.B}% 48
\BOOKMARK [2][]{subsection.B.1.1}{Hide}{section.B.1}% 49
\BOOKMARK [2][]{subsection.B.1.2}{Show}{section.B.1}% 50
\BOOKMARK [2][]{subsection.B.1.3}{Rearrange}{section.B.1}% 51
\BOOKMARK [2][]{subsection.B.1.4}{Brush}{section.B.1}% 52
\BOOKMARK [2][]{subsection.B.1.5}{Equation}{section.B.1}% 53
\BOOKMARK [1][]{section.B.2}{Modes}{appendix.B}% 54
\BOOKMARK [2][]{subsection.B.2.1}{Overview Mode}{section.B.2}% 55
\BOOKMARK [2][]{subsection.B.2.2}{Focus Mode}{section.B.2}% 56
\BOOKMARK [2][]{subsection.B.2.3}{Color Threads Mode}{section.B.2}% 57
\BOOKMARK [1][]{section.B.3}{Transformations}{appendix.B}% 58
\BOOKMARK [2][]{subsection.B.3.1}{Translate \(Pan\)}{section.B.3}% 59
\BOOKMARK [2][]{subsection.B.3.2}{Scale \(Zoom\)}{section.B.3}% 60
\BOOKMARK [2][]{subsection.B.3.3}{Reset}{section.B.3}% 61
\BOOKMARK [1][]{section.B.4}{Dataset}{appendix.B}% 62
\BOOKMARK [2][]{subsection.B.4.1}{Open}{section.B.4}% 63
\BOOKMARK [2][]{subsection.B.4.2}{Indicator}{section.B.4}% 64
\BOOKMARK [1][]{section.B.5}{Labels}{appendix.B}% 65
\BOOKMARK [2][]{subsection.B.5.1}{Title}{section.B.5}% 66
\BOOKMARK [2][]{subsection.B.5.2}{Discrete}{section.B.5}% 67
\BOOKMARK [2][]{subsection.B.5.3}{Continuous}{section.B.5}% 68
