This is pdfTeX, Version 3.1415926-2.3-1.40.12 (TeX Live 2011) (format=latex 2011.7.3)  16 FEB 2012 20:05
entering extended mode
 restricted \write18 enabled.
 %&-line parsing enabled.
**storage_system_vis.tex
(./storage_system_vis.tex
LaTeX2e <2009/09/24>
Babel <v3.8l> and hyphenation patterns for english, dumylang, nohyphenation, ge
rman-x-2009-06-19, ngerman-x-2009-06-19, afrikaans, ancientgreek, ibycus, arabi
c, armenian, basque, bulgarian, catalan, pinyin, coptic, croatian, czech, danis
h, dutch, ukenglish, usenglishmax, esperanto, estonian, ethiopic, farsi, finnis
h, french, galician, german, ngerman, swissgerman, monogreek, greek, hungarian,
 icelandic, assamese, bengali, gujarati, hindi, kannada, malayalam, marathi, or
iya, panjabi, tamil, telugu, indonesian, interlingua, irish, italian, kurmanji,
 lao, latin, latvian, lithuanian, mongolian, mongolianlmc, bokmal, nynorsk, pol
ish, portuguese, romanian, russian, sanskrit, serbian, serbianc, slovak, sloven
ian, spanish, swedish, turkish, turkmen, ukrainian, uppersorbian, welsh, loaded
.
(./ucthesis.cls
Document Class: ucthesis 1996/06/26 JTW's modification of 1994/10/31 v3.0 Unive
rsity of California Thesis Class
(./uct12.clo)
\descriptionmargin=\dimen102
\c@part=\count79
\c@chapter=\count80
\c@section=\count81
\c@subsection=\count82
\c@subsubsection=\count83
\c@paragraph=\count84
\c@subparagraph=\count85
\abovecaptionskip=\skip41
\belowcaptionskip=\skip42
\c@figure=\count86
\c@table=\count87
)
(/usr/local/texlive/2011/texmf-dist/tex/generic/oberdiek/ifpdf.sty
Package: ifpdf 2011/01/30 v2.3 Provides the ifpdf switch (HO)
Package ifpdf Info: pdfTeX in PDF mode is not detected.
)
(/usr/local/texlive/2011/texmf-dist/tex/latex/base/textcomp.sty
Package: textcomp 2005/09/27 v1.99g Standard LaTeX package
Package textcomp Info: Sub-encoding information:
(textcomp)               5 = only ISO-Adobe without \textcurrency
(textcomp)               4 = 5 + \texteuro
(textcomp)               3 = 4 + \textohm
(textcomp)               2 = 3 + \textestimated + \textcurrency
(textcomp)               1 = TS1 - \textcircled - \t
(textcomp)               0 = TS1 (full)
(textcomp)             Font families with sub-encoding setting implement
(textcomp)             only a restricted character set as indicated.
(textcomp)             Family '?' is the default used for unknown fonts.
(textcomp)             See the documentation for details.
Package textcomp Info: Setting ? sub-encoding to TS1/1 on input line 71.

(/usr/local/texlive/2011/texmf-dist/tex/latex/base/ts1enc.def
File: ts1enc.def 2001/06/05 v3.0e (jk/car/fm) Standard LaTeX file
)
LaTeX Info: Redefining \oldstylenums on input line 266.
Package textcomp Info: Setting cmr sub-encoding to TS1/0 on input line 281.
Package textcomp Info: Setting cmss sub-encoding to TS1/0 on input line 282.
Package textcomp Info: Setting cmtt sub-encoding to TS1/0 on input line 283.
Package textcomp Info: Setting cmvtt sub-encoding to TS1/0 on input line 284.
Package textcomp Info: Setting cmbr sub-encoding to TS1/0 on input line 285.
Package textcomp Info: Setting cmtl sub-encoding to TS1/0 on input line 286.
Package textcomp Info: Setting ccr sub-encoding to TS1/0 on input line 287.
Package textcomp Info: Setting ptm sub-encoding to TS1/4 on input line 288.
Package textcomp Info: Setting pcr sub-encoding to TS1/4 on input line 289.
Package textcomp Info: Setting phv sub-encoding to TS1/4 on input line 290.
Package textcomp Info: Setting ppl sub-encoding to TS1/3 on input line 291.
Package textcomp Info: Setting pag sub-encoding to TS1/4 on input line 292.
Package textcomp Info: Setting pbk sub-encoding to TS1/4 on input line 293.
Package textcomp Info: Setting pnc sub-encoding to TS1/4 on input line 294.
Package textcomp Info: Setting pzc sub-encoding to TS1/4 on input line 295.
Package textcomp Info: Setting bch sub-encoding to TS1/4 on input line 296.
Package textcomp Info: Setting put sub-encoding to TS1/5 on input line 297.
Package textcomp Info: Setting uag sub-encoding to TS1/5 on input line 298.
Package textcomp Info: Setting ugq sub-encoding to TS1/5 on input line 299.
Package textcomp Info: Setting ul8 sub-encoding to TS1/4 on input line 300.
Package textcomp Info: Setting ul9 sub-encoding to TS1/4 on input line 301.
Package textcomp Info: Setting augie sub-encoding to TS1/5 on input line 302.
Package textcomp Info: Setting dayrom sub-encoding to TS1/3 on input line 303.
Package textcomp Info: Setting dayroms sub-encoding to TS1/3 on input line 304.

Package textcomp Info: Setting pxr sub-encoding to TS1/0 on input line 305.
Package textcomp Info: Setting pxss sub-encoding to TS1/0 on input line 306.
Package textcomp Info: Setting pxtt sub-encoding to TS1/0 on input line 307.
Package textcomp Info: Setting txr sub-encoding to TS1/0 on input line 308.
Package textcomp Info: Setting txss sub-encoding to TS1/0 on input line 309.
Package textcomp Info: Setting txtt sub-encoding to TS1/0 on input line 310.
Package textcomp Info: Setting futs sub-encoding to TS1/4 on input line 311.
Package textcomp Info: Setting futx sub-encoding to TS1/4 on input line 312.
Package textcomp Info: Setting futj sub-encoding to TS1/4 on input line 313.
Package textcomp Info: Setting hlh sub-encoding to TS1/3 on input line 314.
Package textcomp Info: Setting hls sub-encoding to TS1/3 on input line 315.
Package textcomp Info: Setting hlst sub-encoding to TS1/3 on input line 316.
Package textcomp Info: Setting hlct sub-encoding to TS1/5 on input line 317.
Package textcomp Info: Setting hlx sub-encoding to TS1/5 on input line 318.
Package textcomp Info: Setting hlce sub-encoding to TS1/5 on input line 319.
Package textcomp Info: Setting hlcn sub-encoding to TS1/5 on input line 320.
Package textcomp Info: Setting hlcw sub-encoding to TS1/5 on input line 321.
Package textcomp Info: Setting hlcf sub-encoding to TS1/5 on input line 322.
Package textcomp Info: Setting pplx sub-encoding to TS1/3 on input line 323.
Package textcomp Info: Setting pplj sub-encoding to TS1/3 on input line 324.
Package textcomp Info: Setting ptmx sub-encoding to TS1/4 on input line 325.
Package textcomp Info: Setting ptmj sub-encoding to TS1/4 on input line 326.
)
(/usr/local/texlive/2011/texmf-dist/tex/latex/url/url.sty
\Urlmuskip=\muskip10
Package: url 2006/04/12  ver 3.3  Verb mode for urls, etc.
)
(/usr/local/texlive/2011/texmf-dist/tex/latex/algorithms/algorithmic.sty
Package: algorithmic 2009/08/24 v0.1 Document Style `algorithmic'

(/usr/local/texlive/2011/texmf-dist/tex/latex/base/ifthen.sty
Package: ifthen 2001/05/26 v1.1c Standard LaTeX ifthen package (DPC)
)
(/usr/local/texlive/2011/texmf-dist/tex/latex/graphics/keyval.sty
Package: keyval 1999/03/16 v1.13 key=value parser (DPC)
\KV@toks@=\toks14
)
\c@ALC@unique=\count88
\c@ALC@line=\count89
\c@ALC@rem=\count90
\c@ALC@depth=\count91
\ALC@tlm=\skip43
\algorithmicindent=\skip44
)
(/usr/local/texlive/2011/texmf-dist/tex/latex/listings/listings.sty
\lst@mode=\count92
\lst@gtempboxa=\box26
\lst@token=\toks15
\lst@length=\count93
\lst@currlwidth=\dimen103
\lst@column=\count94
\lst@pos=\count95
\lst@lostspace=\dimen104
\lst@width=\dimen105
\lst@newlines=\count96
\lst@lineno=\count97
\lst@maxwidth=\dimen106

(/usr/local/texlive/2011/texmf-dist/tex/latex/listings/lstmisc.sty
File: lstmisc.sty 2007/02/22 1.4 (Carsten Heinz)
\c@lstnumber=\count98
\lst@skipnumbers=\count99
\lst@framebox=\box27
)
(/usr/local/texlive/2011/texmf-dist/tex/latex/listings/listings.cfg
File: listings.cfg 2007/02/22 1.4 listings configuration
))
Package: listings 2007/02/22 1.4 (Carsten Heinz)

(/usr/local/texlive/2011/texmf-dist/tex/latex/listings/lstlang1.sty
File: lstlang1.sty 2004/09/05 1.3 listings language file
)
(/usr/local/texlive/2011/texmf-dist/tex/latex/listings/lstlang1.sty
File: lstlang1.sty 2004/09/05 1.3 listings language file
)
(/usr/local/texlive/2011/texmf-dist/tex/latex/listings/lstlang1.sty
File: lstlang1.sty 2004/09/05 1.3 listings language file
)
(/usr/local/texlive/2011/texmf-dist/tex/latex/listings/lstmisc.sty
File: lstmisc.sty 2007/02/22 1.4 (Carsten Heinz)
)
(/usr/local/texlive/2011/texmf-dist/tex/latex/graphics/color.sty
Package: color 2005/11/14 v1.0j Standard LaTeX Color (DPC)

(/usr/local/texlive/2011/texmf-dist/tex/latex/latexconfig/color.cfg
File: color.cfg 2007/01/18 v1.5 color configuration of teTeX/TeXLive
)
Package color Info: Driver file: pdftex.def on input line 130.

(/usr/local/texlive/2011/texmf-dist/tex/latex/pdftex-def/pdftex.def
File: pdftex.def 2011/05/27 v0.06d Graphics/color for pdfTeX

(/usr/local/texlive/2011/texmf-dist/tex/generic/oberdiek/infwarerr.sty
Package: infwarerr 2010/04/08 v1.3 Providing info/warning/message (HO)
)
(/usr/local/texlive/2011/texmf-dist/tex/generic/oberdiek/ltxcmds.sty
Package: ltxcmds 2011/04/18 v1.20 LaTeX kernel commands for general use (HO)
)
\Gread@gobject=\count100
))
(/usr/local/texlive/2011/texmf-dist/tex/latex/graphics/graphicx.sty
Package: graphicx 1999/02/16 v1.0f Enhanced LaTeX Graphics (DPC,SPQR)

(/usr/local/texlive/2011/texmf-dist/tex/latex/graphics/graphics.sty
Package: graphics 2009/02/05 v1.0o Standard LaTeX Graphics (DPC,SPQR)

(/usr/local/texlive/2011/texmf-dist/tex/latex/graphics/trig.sty
Package: trig 1999/03/16 v1.09 sin cos tan (DPC)
)
(/usr/local/texlive/2011/texmf-dist/tex/latex/latexconfig/graphics.cfg
File: graphics.cfg 2010/04/23 v1.9 graphics configuration of TeX Live
)
Package graphics Info: Driver file: pdftex.def on input line 91.
)
\Gin@req@height=\dimen107
\Gin@req@width=\dimen108
)
(/usr/local/texlive/2011/texmf-dist/tex/latex/hyperref/hyperref.sty
Package: hyperref 2011/04/17 v6.82g Hypertext links for LaTeX

(/usr/local/texlive/2011/texmf-dist/tex/generic/oberdiek/hobsub-hyperref.sty
Package: hobsub-hyperref 2011/04/23 v1.4 Bundle oberdiek, subset hyperref (HO)

(/usr/local/texlive/2011/texmf-dist/tex/generic/oberdiek/hobsub-generic.sty
Package: hobsub-generic 2011/04/23 v1.4 Bundle oberdiek, subset generic (HO)
Package: hobsub 2011/04/23 v1.4 Subsetting bundle oberdiek (HO)
Package hobsub Info: Skipping package `infwarerr' (already loaded).
Package hobsub Info: Skipping package `ltxcmds' (already loaded).
Package: ifluatex 2010/03/01 v1.3 Provides the ifluatex switch (HO)
Package ifluatex Info: LuaTeX not detected.
Package: ifvtex 2010/03/01 v1.5 Switches for detecting VTeX and its modes (HO)
Package ifvtex Info: VTeX not detected.
Package: intcalc 2007/09/27 v1.1 Expandable integer calculations (HO)
Package hobsub Info: Skipping package `ifpdf' (already loaded).
Package: etexcmds 2011/02/16 v1.5 Prefix for e-TeX command names (HO)
Package etexcmds Info: Could not find \expanded.
(etexcmds)             That can mean that you are not using pdfTeX 1.50 or
(etexcmds)             that some package has redefined \expanded.
(etexcmds)             In the latter case, load this package earlier.
Package: kvsetkeys 2011/04/07 v1.13 Key value parser (HO)
Package: kvdefinekeys 2011/04/07 v1.3 Defining keys (HO)
Package: pdftexcmds 2011/04/22 v0.16 Utilities of pdfTeX for LuaTeX (HO)
Package pdftexcmds Info: LuaTeX not detected.
Package pdftexcmds Info: \pdf@primitive is available.
Package pdftexcmds Info: \pdf@ifprimitive is available.
Package pdftexcmds Info: \pdfdraftmode found.
Package: pdfescape 2011/04/04 v1.12 Provides string conversions (HO)
Package: bigintcalc 2011/01/30 v1.2 Expandable big integer calculations (HO)
Package: bitset 2011/01/30 v1.1 Data type bit set (HO)
Package: uniquecounter 2011/01/30 v1.2 Provides unlimited unique counter (HO)
)
Package hobsub Info: Skipping package `hobsub' (already loaded).
Package: letltxmacro 2010/09/02 v1.4 Let assignment for LaTeX macros (HO)
Package: hopatch 2011/01/30 v1.0 Wrapper for package hooks (HO)
Package: xcolor-patch 2011/01/30 xcolor patch
Package: atveryend 2011/04/23 v1.7 Hooks at very end of document (HO)
Package atveryend Info: \enddocument detected (standard).
Package: atbegshi 2011/01/30 v1.15 At begin shipout hook (HO)
Package: refcount 2010/12/01 v3.2 Data extraction from references (HO)
Package: hycolor 2011/01/30 v1.7 Color options of hyperref/bookmark (HO)
)
(/usr/local/texlive/2011/texmf-dist/tex/generic/ifxetex/ifxetex.sty
Package: ifxetex 2010/09/12 v0.6 Provides ifxetex conditional
)
(/usr/local/texlive/2011/texmf-dist/tex/latex/oberdiek/kvoptions.sty
Package: kvoptions 2010/12/23 v3.10 Keyval support for LaTeX options (HO)
)
\@linkdim=\dimen109
\Hy@linkcounter=\count101
\Hy@pagecounter=\count102

(/usr/local/texlive/2011/texmf-dist/tex/latex/hyperref/pd1enc.def
File: pd1enc.def 2011/04/17 v6.82g Hyperref: PDFDocEncoding definition (HO)
)
\Hy@SavedSpaceFactor=\count103

(/usr/local/texlive/2011/texmf-dist/tex/latex/latexconfig/hyperref.cfg
File: hyperref.cfg 2002/06/06 v1.2 hyperref configuration of TeXLive
)
Package hyperref Info: Option `plainpages' set `false' on input line 3905.
Package hyperref Info: Option `breaklinks' set `true' on input line 3905.
Package hyperref Info: Option `colorlinks' set `true' on input line 3905.
Package hyperref Info: Option `bookmarks' set `true' on input line 3905.
Package hyperref Info: Option `bookmarksopen' set `true' on input line 3905.
Package hyperref Info: Hyper figures OFF on input line 4026.
Package hyperref Info: Link nesting OFF on input line 4031.
Package hyperref Info: Hyper index ON on input line 4034.
Package hyperref Info: Plain pages OFF on input line 4041.
Package hyperref Info: Backreferencing OFF on input line 4046.
Package hyperref Info: Implicit mode ON; LaTeX internals redefined.
Package hyperref Info: Bookmarks ON on input line 4264.
\c@Hy@tempcnt=\count104
LaTeX Info: Redefining \url on input line 4617.
\Fld@menulength=\count105
\Field@Width=\dimen110
\Fld@charsize=\dimen111
Package hyperref Info: Hyper figures OFF on input line 5701.
Package hyperref Info: Link nesting OFF on input line 5706.
Package hyperref Info: Hyper index ON on input line 5709.
Package hyperref Info: backreferencing OFF on input line 5716.
Package hyperref Info: Link coloring ON on input line 5719.
Package hyperref Info: Link coloring with OCG OFF on input line 5726.
Package hyperref Info: PDF/A mode OFF on input line 5731.
LaTeX Info: Redefining \ref on input line 5771.
LaTeX Info: Redefining \pageref on input line 5775.
\Hy@abspage=\count106
\c@Item=\count107
\c@Hfootnote=\count108
)

Package hyperref Message: Driver: hpdftex.

(/usr/local/texlive/2011/texmf-dist/tex/latex/hyperref/hpdftex.def
File: hpdftex.def 2011/04/17 v6.82g Hyperref driver for pdfTeX
\Fld@listcount=\count109
\c@bookmark@seq@number=\count110

(/usr/local/texlive/2011/texmf-dist/tex/latex/oberdiek/rerunfilecheck.sty
Package: rerunfilecheck 2011/04/15 v1.7 Rerun checks for auxiliary files (HO)
Package uniquecounter Info: New unique counter `rerunfilecheck' on input line 2
82.
)
\Hy@SectionHShift=\skip45
)
(/usr/local/texlive/2011/texmf-dist/tex/latex/amsfonts/amssymb.sty
Package: amssymb 2009/06/22 v3.00

(/usr/local/texlive/2011/texmf-dist/tex/latex/amsfonts/amsfonts.sty
Package: amsfonts 2009/06/22 v3.00 Basic AMSFonts support
\@emptytoks=\toks16
\symAMSa=\mathgroup4
\symAMSb=\mathgroup5
LaTeX Font Info:    Overwriting math alphabet `\mathfrak' in version `bold'
(Font)                  U/euf/m/n --> U/euf/b/n on input line 96.
))
(/usr/local/texlive/2011/texmf-dist/tex/latex/amsmath/amsmath.sty
Package: amsmath 2000/07/18 v2.13 AMS math features
\@mathmargin=\skip46

For additional information on amsmath, use the `?' option.
(/usr/local/texlive/2011/texmf-dist/tex/latex/amsmath/amstext.sty
Package: amstext 2000/06/29 v2.01

(/usr/local/texlive/2011/texmf-dist/tex/latex/amsmath/amsgen.sty
File: amsgen.sty 1999/11/30 v2.0
\@emptytoks=\toks17
\ex@=\dimen112
))
(/usr/local/texlive/2011/texmf-dist/tex/latex/amsmath/amsbsy.sty
Package: amsbsy 1999/11/29 v1.2d
\pmbraise@=\dimen113
)
(/usr/local/texlive/2011/texmf-dist/tex/latex/amsmath/amsopn.sty
Package: amsopn 1999/12/14 v2.01 operator names
)
\inf@bad=\count111
LaTeX Info: Redefining \frac on input line 211.
\uproot@=\count112
\leftroot@=\count113
LaTeX Info: Redefining \overline on input line 307.
\classnum@=\count114
\DOTSCASE@=\count115
LaTeX Info: Redefining \ldots on input line 379.
LaTeX Info: Redefining \dots on input line 382.
LaTeX Info: Redefining \cdots on input line 467.
\Mathstrutbox@=\box28
\strutbox@=\box29
\big@size=\dimen114
LaTeX Font Info:    Redeclaring font encoding OML on input line 567.
LaTeX Font Info:    Redeclaring font encoding OMS on input line 568.
\macc@depth=\count116
\c@MaxMatrixCols=\count117
\dotsspace@=\muskip11
\c@parentequation=\count118
\dspbrk@lvl=\count119
\tag@help=\toks18
\row@=\count120
\column@=\count121
\maxfields@=\count122
\andhelp@=\toks19
\eqnshift@=\dimen115
\alignsep@=\dimen116
\tagshift@=\dimen117
\tagwidth@=\dimen118
\totwidth@=\dimen119
\lineht@=\dimen120
\@envbody=\toks20
\multlinegap=\skip47
\multlinetaggap=\skip48
\mathdisplay@stack=\toks21
LaTeX Info: Redefining \[ on input line 2666.
LaTeX Info: Redefining \] on input line 2667.
)
(/usr/local/texlive/2011/texmf-dist/tex/latex/geometry/geometry.sty
Package: geometry 2010/09/12 v5.6 Page Geometry
\Gm@cnth=\count123
\Gm@cntv=\count124
\c@Gm@tempcnt=\count125
\Gm@bindingoffset=\dimen121
\Gm@wd@mp=\dimen122
\Gm@odd@mp=\dimen123
\Gm@even@mp=\dimen124
\Gm@layoutwidth=\dimen125
\Gm@layoutheight=\dimen126
\Gm@layouthoffset=\dimen127
\Gm@layoutvoffset=\dimen128
\Gm@dimlist=\toks22
)
(/usr/local/texlive/2011/texmf-dist/tex/latex/textcase/textcase.sty
Package: textcase 2004/10/07 v0.07 Text only upper/lower case changing (DPC)
)
(./storage_system_vis.aux

LaTeX Warning: Label `background' multiply defined.


LaTeX Warning: Label `fig:doc' multiply defined.


LaTeX Warning: Label `fig:doc' multiply defined.


LaTeX Warning: Label `fig:doc' multiply defined.


LaTeX Warning: Label `fig:doc' multiply defined.


LaTeX Warning: Label `fig:doc' multiply defined.


LaTeX Warning: Label `fig:doc' multiply defined.


LaTeX Warning: Label `fig:doc' multiply defined.


LaTeX Warning: Label `fig:doc' multiply defined.


LaTeX Warning: Label `fig:doc' multiply defined.


LaTeX Warning: Label `fig:doc' multiply defined.


LaTeX Warning: Label `fig:doc' multiply defined.


LaTeX Warning: Label `fig:doc' multiply defined.


LaTeX Warning: Label `fig:doc' multiply defined.


LaTeX Warning: Label `fig:doc' multiply defined.


LaTeX Warning: Label `fig:doc' multiply defined.


LaTeX Warning: Label `fig:doc' multiply defined.


LaTeX Warning: Label `fig:doc' multiply defined.


LaTeX Warning: Label `fig:doc' multiply defined.

)
\openout1 = `storage_system_vis.aux'.

LaTeX Font Info:    Checking defaults for OML/cmm/m/it on input line 102.
LaTeX Font Info:    ... okay on input line 102.
LaTeX Font Info:    Checking defaults for T1/cmr/m/n on input line 102.
LaTeX Font Info:    ... okay on input line 102.
LaTeX Font Info:    Checking defaults for OT1/cmr/m/n on input line 102.
LaTeX Font Info:    ... okay on input line 102.
LaTeX Font Info:    Checking defaults for OMS/cmsy/m/n on input line 102.
LaTeX Font Info:    ... okay on input line 102.
LaTeX Font Info:    Checking defaults for OMX/cmex/m/n on input line 102.
LaTeX Font Info:    ... okay on input line 102.
LaTeX Font Info:    Checking defaults for U/cmr/m/n on input line 102.
LaTeX Font Info:    ... okay on input line 102.
LaTeX Font Info:    Checking defaults for TS1/cmr/m/n on input line 102.
LaTeX Font Info:    Try loading font information for TS1+cmr on input line 102.

 (/usr/local/texlive/2011/texmf-dist/tex/latex/base/ts1cmr.fd
File: ts1cmr.fd 1999/05/25 v2.5h Standard LaTeX font definitions
)
LaTeX Font Info:    ... okay on input line 102.
LaTeX Font Info:    Checking defaults for PD1/pdf/m/n on input line 102.
LaTeX Font Info:    ... okay on input line 102.
\c@lstlisting=\count126

(/usr/local/texlive/2011/texmf-dist/tex/context/base/supp-pdf.mkii
[Loading MPS to PDF converter (version 2006.09.02).]
\scratchcounter=\count127
\scratchdimen=\dimen129
\scratchbox=\box30
\nofMPsegments=\count128
\nofMParguments=\count129
\everyMPshowfont=\toks23
\MPscratchCnt=\count130
\MPscratchDim=\dimen130
\MPnumerator=\count131
\makeMPintoPDFobject=\count132
\everyMPtoPDFconversion=\toks24
) (/usr/local/texlive/2011/texmf-dist/tex/latex/oberdiek/epstopdf-base.sty
Package: epstopdf-base 2010/02/09 v2.5 Base part for package epstopdf

(/usr/local/texlive/2011/texmf-dist/tex/latex/oberdiek/grfext.sty
Package: grfext 2010/08/19 v1.1 Managing graphics extensions (HO)
)
Package grfext Info: Graphics extension search list:
(grfext)             [.png,.pdf,.jpg,.mps,.jpeg,.jbig2,.jb2,.PNG,.PDF,.JPG,.JPE
G,.JBIG2,.JB2,.eps]
(grfext)             \AppendGraphicsExtensions on input line 452.

(/usr/local/texlive/2011/texmf-dist/tex/latex/latexconfig/epstopdf-sys.cfg
File: epstopdf-sys.cfg 2010/07/13 v1.3 Configuration of (r)epstopdf for TeX Liv
e
))
\AtBeginShipoutBox=\box31
Package hyperref Info: Link coloring ON on input line 102.

(/usr/local/texlive/2011/texmf-dist/tex/latex/hyperref/nameref.sty
Package: nameref 2010/04/30 v2.40 Cross-referencing by name of section

(/usr/local/texlive/2011/texmf-dist/tex/generic/oberdiek/gettitlestring.sty
Package: gettitlestring 2010/12/03 v1.4 Cleanup title references (HO)
)
\c@section@level=\count133
)
LaTeX Info: Redefining \ref on input line 102.
LaTeX Info: Redefining \pageref on input line 102.
LaTeX Info: Redefining \nameref on input line 102.

(./storage_system_vis.out) (./storage_system_vis.out)
\@outlinefile=\write3
\openout3 = `storage_system_vis.out'.


*geometry* driver: auto-detecting
*geometry* detected driver: pdftex
*geometry* verbose mode - [ preamble ] result:
* driver: pdftex
* paper: letterpaper
* layout: <same size as paper>
* layoutoffset:(h,v)=(0.0pt,0.0pt)
* modes: 
* h-part:(L,W,R)=(108.405pt, 411.93878pt, 93.95122pt)
* v-part:(T,H,B)=(90.3375pt, 632.3625pt, 72.26999pt)
* \paperwidth=614.295pt
* \paperheight=794.96999pt
* \textwidth=411.93878pt
* \textheight=632.3625pt
* \oddsidemargin=36.13501pt
* \evensidemargin=36.13501pt
* \topmargin=18.0675pt
* \headheight=0.0pt
* \headsep=0.0pt
* \topskip=12.0pt
* \footskip=30.0pt
* \marginparwidth=0.0pt
* \marginparsep=10.0pt
* \columnsep=10.0pt
* \skip\footins=10.8pt plus 4.0pt minus 2.0pt
* \hoffset=0.0pt
* \voffset=0.0pt
* \mag=1000
* \@twocolumnfalse
* \@twosidefalse
* \@mparswitchfalse
* \@reversemarginfalse
* (1in=72.27pt=25.4mm, 1cm=28.453pt)

[1

{/usr/local/texlive/2011/texmf-var/fonts/map/pdftex/updmap/pdftex.map}]
[2]
LaTeX Font Info:    Try loading font information for U+msa on input line 124.
 (/usr/local/texlive/2011/texmf-dist/tex/latex/amsfonts/umsa.fd
File: umsa.fd 2009/06/22 v3.00 AMS symbols A
)
LaTeX Font Info:    Try loading font information for U+msb on input line 124.

(/usr/local/texlive/2011/texmf-dist/tex/latex/amsfonts/umsb.fd
File: umsb.fd 2009/06/22 v3.00 AMS symbols B
) [3] [4]
[5] [6] (./storage_system_vis.toc [7

] [8])
\tf@toc=\write4
\openout4 = `storage_system_vis.toc'.

 [9] (./storage_system_vis.lot)
\tf@lot=\write5
\openout5 = `storage_system_vis.lot'.


[10

] (./storage_system_vis.lof [11

] [12])
\tf@lof=\write6
\openout6 = `storage_system_vis.lof'.

 [13]
Chapter 1.
pdfTeX warning (ext4): destination with the same identifier (name{page.1}) has 
been already used, duplicate ignored
<to be read again> 
                   \relax 
l.171 
       [1

] <images/prev_tool2.jpg, id=539, 1247.66125pt x 604.2575pt>
File: images/prev_tool2.jpg Graphic file (type jpg)

<use images/prev_tool2.jpg>
Package pdftex.def Info: images/prev_tool2.jpg used on input line 174.
(pdftex.def)             Requested size: 411.93878pt x 199.507pt.
 [2 <./images/prev_tool2.jpg>] [3] [4]
Chapter 2.
[5

]
Missing character: There is no â in font cmr12!
Missing character: There is no € in font cmr12!
Missing character: There is no “ in font cmr12!
 [6] [7] <images/cylinder_head_sector.jpg, id=582, 301.125pt x 301.125pt>
File: images/cylinder_head_sector.jpg Graphic file (type jpg)

<use images/cylinder_head_sector.jpg>
Package pdftex.def Info: images/cylinder_head_sector.jpg used on input line 223
.
(pdftex.def)             Requested size: 205.96939pt x 205.9753pt.
 [8 <./images/cylinder_head_sector.jpg>]
<images/zone_bit_recording.jpg, id=592, 415.5525pt x 412.54124pt>
File: images/zone_bit_recording.jpg Graphic file (type jpg)

<use images/zone_bit_recording.jpg>
Package pdftex.def Info: images/zone_bit_recording.jpg used on input line 233.
(pdftex.def)             Requested size: 205.96939pt x 204.47607pt.
 [9 <./images/zone_bit_recording.jpg>]

LaTeX Warning: `!h' float specifier changed to `!ht'.

<images/hard_disk_trends.jpg, id=611, 677.53125pt x 415.5525pt>
File: images/hard_disk_trends.jpg Graphic file (type jpg)

<use images/hard_disk_trends.jpg>
Package pdftex.def Info: images/hard_disk_trends.jpg used on input line 365.
(pdftex.def)             Requested size: 411.93878pt x 252.66234pt.


LaTeX Warning: `!h' float specifier changed to `!ht'.

<images/hard_disk_trends2.jpg, id=612, 677.53125pt x 414.54875pt>
File: images/hard_disk_trends2.jpg Graphic file (type jpg)

<use images/hard_disk_trends2.jpg>
Package pdftex.def Info: images/hard_disk_trends2.jpg used on input line 372.
(pdftex.def)             Requested size: 411.93878pt x 252.05205pt.


LaTeX Warning: `!h' float specifier changed to `!ht'.

[10]

LaTeX Warning: Text page 11 contains only floats.

[11 <./images/hard_disk_trends.jpg>] [12 <./images/hard_disk_trends2.jpg>]
Overfull \hbox (64.49715pt too wide) detected at line 387
\OML/cmm/m/it/12 Sector \OT1/cmr/m/n/12 = ((\OML/cmm/m/it/12 LBA[]  SectorsPerH
ead\OT1/cmr/m/n/12 )[]  \OML/cmm/m/it/12 SectorsPerZone\OT1/cmr/m/n/12 )[]  \OM
L/cmm/m/it/12 SectorsPerTrack
 []

[13

]
Underfull \hbox (badness 10000) in paragraph at lines 398--399

 []


Underfull \hbox (badness 10000) in paragraph at lines 400--401

 []

[14] <images/initial_hard_disk.jpg, id=642, 374.14781pt x 343.2825pt>
File: images/initial_hard_disk.jpg Graphic file (type jpg)

<use images/initial_hard_disk.jpg>
Package pdftex.def Info: images/initial_hard_disk.jpg used on input line 410.
(pdftex.def)             Requested size: 411.93878pt x 377.97333pt.


LaTeX Warning: `!h' float specifier changed to `!ht'.

[15] [16 <./images/initial_hard_disk.jpg>]
<images/final_hard_disk.jpg, id=652, 469.755pt x 268.75406pt>
File: images/final_hard_disk.jpg Graphic file (type jpg)

<use images/final_hard_disk.jpg>
Package pdftex.def Info: images/final_hard_disk.jpg used on input line 421.
(pdftex.def)             Requested size: 411.93878pt x 235.67593pt.


LaTeX Warning: `!h' float specifier changed to `!ht'.

[17

] [18 <./images/final_hard_disk.jpg>] [19]
Chapter 3.
[20

] [21] <images/data_binning.jpg, id=688, 1191.45125pt x 346.29375pt>
File: images/data_binning.jpg Graphic file (type jpg)

<use images/data_binning.jpg>
Package pdftex.def Info: images/data_binning.jpg used on input line 452.
(pdftex.def)             Requested size: 411.93878pt x 119.73038pt.
 [22 <./images/data_binning.jpg>]
<images/temporal_depth.jpg, id=695, 1146.2825pt x 196.735pt>
File: images/temporal_depth.jpg Graphic file (type jpg)

<use images/temporal_depth.jpg>
Package pdftex.def Info: images/temporal_depth.jpg used on input line 468.
(pdftex.def)             Requested size: 411.93878pt x 70.70145pt.
 [23 <./images/temporal_depth.jpg>] [24]
<images/curves.jpg, id=708, 1079.03125pt x 740.7675pt>
File: images/curves.jpg Graphic file (type jpg)
 <use images/curves.jpg>
Package pdftex.def Info: images/curves.jpg used on input line 489.
(pdftex.def)             Requested size: 411.93878pt x 282.80574pt.

[25 <./images/curves.jpg>] <images/spread.jpg, id=714, 463.7325pt x 244.915pt>
File: images/spread.jpg Graphic file (type jpg)

<use images/spread.jpg>
Package pdftex.def Info: images/spread.jpg used on input line 499.
(pdftex.def)             Requested size: 205.96939pt x 108.78314pt.
 [26 <./images/spread.jpg>] [27]
Chapter 4.
[28

] [29] [30] <images/overview.jpg, id=739, 1426.32875pt x 700.6175pt>
File: images/overview.jpg Graphic file (type jpg)

<use images/overview.jpg>
Package pdftex.def Info: images/overview.jpg used on input line 562.
(pdftex.def)             Requested size: 411.93878pt x 202.34pt.

Underfull \hbox (badness 10000) in paragraph at lines 584--585
[]\OT1/cmr/m/n/12 Queue Com-mand Com-ple-tion
 []


Overfull \hbox (42.06749pt too wide) in paragraph at lines 570--590
[][] 
 []

[31 <./images/overview.jpg>] [32] [33] [34]
<images/histograms.jpg, id=762, 727.71875pt x 432.61626pt>
File: images/histograms.jpg Graphic file (type jpg)

<use images/histograms.jpg>
Package pdftex.def Info: images/histograms.jpg used on input line 645.
(pdftex.def)             Requested size: 411.93878pt x 244.89732pt.
 <images/discrete.pdf, id=765, 317.185pt x 803.0pt>
File: images/discrete.pdf Graphic file (type pdf)

<use images/discrete.pdf>
Package pdftex.def Info: images/discrete.pdf used on input line 652.
(pdftex.def)             Requested size: 205.96939pt x 521.4537pt.


LaTeX Warning: `!h' float specifier changed to `!ht'.

[35 <./images/histograms.jpg>] [36 <./images/discrete.pdf>]
<images/brush_focus5.pdf, id=781, 1904.11375pt x 914.41624pt>
File: images/brush_focus5.pdf Graphic file (type pdf)

<use images/brush_focus5.pdf>
Package pdftex.def Info: images/brush_focus5.pdf used on input line 665.
(pdftex.def)             Requested size: 411.93878pt x 197.8235pt.


LaTeX Warning: `!h' float specifier changed to `!ht'.

<images/demo.pdf, id=782, 1902.10625pt x 908.39375pt>
File: images/demo.pdf Graphic file (type pdf)
 <use images/demo.pdf>
Package pdftex.def Info: images/demo.pdf used on input line 672.
(pdftex.def)             Requested size: 411.93878pt x 196.72853pt.


LaTeX Warning: `!h' float specifier changed to `!ht'.

[37] [38 <./images/brush_focus5.pdf> <./images/demo.pdf>]
<images/interleaved_bw.pdf, id=799, 1905.1175pt x 912.40875pt>
File: images/interleaved_bw.pdf Graphic file (type pdf)

<use images/interleaved_bw.pdf>
Package pdftex.def Info: images/interleaved_bw.pdf used on input line 684.
(pdftex.def)             Requested size: 411.93878pt x 197.27783pt.
 [39

 <./images/interleaved_bw.pdf>]
<images/color_overview.pdf, id=809, 1782.66pt x 911.405pt>
File: images/color_overview.pdf Graphic file (type pdf)

<use images/color_overview.pdf>
Package pdftex.def Info: images/color_overview.pdf used on input line 694.
(pdftex.def)             Requested size: 411.93878pt x 210.60612pt.
 [40 <./images/color_overview.pdf>]
LaTeX Font Info:    Try loading font information for OMS+cmr on input line 707.


(/usr/local/texlive/2011/texmf-dist/tex/latex/base/omscmr.fd
File: omscmr.fd 1999/05/25 v2.5h Standard LaTeX font definitions
)
LaTeX Font Info:    Font shape `OMS/cmr/m/n' in size <12> not available
(Font)              Font shape `OMS/cmsy/m/n' tried instead on input line 707.
 [41]
<images/interleaved_color2.pdf, id=842, 1905.1175pt x 913.4125pt>
File: images/interleaved_color2.pdf Graphic file (type pdf)

<use images/interleaved_color2.pdf>
Package pdftex.def Info: images/interleaved_color2.pdf used on input line 736.
(pdftex.def)             Requested size: 411.93878pt x 197.49486pt.

<images/interleaved_color4.pdf, id=843, 1902.10625pt x 906.38625pt>
File: images/interleaved_color4.pdf Graphic file (type pdf)

<use images/interleaved_color4.pdf>
Package pdftex.def Info: images/interleaved_color4.pdf used on input line 743.
(pdftex.def)             Requested size: 411.93878pt x 196.29376pt.

Overfull \hbox (2.53989pt too wide) in paragraph at lines 749--750
[]\OT1/cmr/m/n/12 Unique col-ors are gen-er-ated by ma-nip-u-lat-ing Hue Sat-u-
ra-tion Bright-ness (HSB)
 []

[42 <./images/interleaved_color2.pdf> <./images/interleaved_color4.pdf>]
[43] <images/context_menu.jpg, id=862, 196.735pt x 243.91125pt>
File: images/context_menu.jpg Graphic file (type jpg)

<use images/context_menu.jpg>
Package pdftex.def Info: images/context_menu.jpg used on input line 769.
(pdftex.def)             Requested size: 205.96939pt x 255.35884pt.


LaTeX Warning: `!h' float specifier changed to `!ht'.

[44] <images/select_range.jpg, id=868, 676.5275pt x 321.2pt>
File: images/select_range.jpg Graphic file (type jpg)

<use images/select_range.jpg>
Package pdftex.def Info: images/select_range.jpg used on input line 778.
(pdftex.def)             Requested size: 411.93878pt x 195.58374pt.
 [45 <./images/context_menu.jpg> <./images/select_range.jpg>]
Chapter 5.
<images/1.jpg, id=874, 1426.32875pt x 791.95876pt>
File: images/1.jpg Graphic file (type jpg)
 <use images/1.jpg>
Package pdftex.def Info: images/1.jpg used on input line 794.
(pdftex.def)             Requested size: 411.93878pt x 228.71957pt.


LaTeX Warning: `!h' float specifier changed to `!ht'.

<images/2.jpg, id=875, 1426.32875pt x 790.955pt>
File: images/2.jpg Graphic file (type jpg)
 <use images/2.jpg>
Package pdftex.def Info: images/2.jpg used on input line 800.
(pdftex.def)             Requested size: 411.93878pt x 228.42969pt.


LaTeX Warning: `!h' float specifier changed to `!ht'.

<images/3.jpg, id=876, 1560.83125pt x 913.4125pt>
File: images/3.jpg Graphic file (type jpg)
 <use images/3.jpg>
Package pdftex.def Info: images/3.jpg used on input line 806.
(pdftex.def)             Requested size: 411.93878pt x 241.0636pt.


LaTeX Warning: `!h' float specifier changed to `!ht'.

<images/4.jpg, id=877, 1787.67876pt x 914.41624pt>
File: images/4.jpg Graphic file (type jpg)
 <use images/4.jpg>
Package pdftex.def Info: images/4.jpg used on input line 812.
(pdftex.def)             Requested size: 411.93878pt x 210.702pt.


LaTeX Warning: `!h' float specifier changed to `!ht'.

<images/5.jpg, id=878, 1426.32875pt x 700.6175pt>
File: images/5.jpg Graphic file (type jpg)
 <use images/5.jpg>
Package pdftex.def Info: images/5.jpg used on input line 818.
(pdftex.def)             Requested size: 411.93878pt x 202.34pt.


LaTeX Warning: `!h' float specifier changed to `!ht'.

<images/6.jpg, id=879, 1904.11375pt x 911.405pt>
File: images/6.jpg Graphic file (type jpg)
 <use images/6.jpg>
Package pdftex.def Info: images/6.jpg used on input line 824.
(pdftex.def)             Requested size: 411.93878pt x 197.17206pt.


LaTeX Warning: `!h' float specifier changed to `!ht'.

<images/7.jpg, id=880, 1905.1175pt x 912.40875pt>
File: images/7.jpg Graphic file (type jpg)
 <use images/7.jpg>
Package pdftex.def Info: images/7.jpg used on input line 830.
(pdftex.def)             Requested size: 411.93878pt x 197.27783pt.


LaTeX Warning: `!h' float specifier changed to `!ht'.

<images/8.jpg, id=881, 1903.11pt x 915.42pt>
File: images/8.jpg Graphic file (type jpg)
 <use images/8.jpg>
Package pdftex.def Info: images/8.jpg used on input line 836.
(pdftex.def)             Requested size: 411.93878pt x 198.13844pt.


LaTeX Warning: `!h' float specifier changed to `!ht'.

<images/9.jpg, id=882, 1786.675pt x 910.40125pt>
File: images/9.jpg Graphic file (type jpg)
 <use images/9.jpg>
Package pdftex.def Info: images/9.jpg used on input line 842.
(pdftex.def)             Requested size: 411.93878pt x 209.90187pt.


LaTeX Warning: `!h' float specifier changed to `!ht'.

<images/10.jpg, id=883, 1905.1175pt x 913.4125pt>
File: images/10.jpg Graphic file (type jpg)
 <use images/10.jpg>
Package pdftex.def Info: images/10.jpg used on input line 848.
(pdftex.def)             Requested size: 411.93878pt x 197.49486pt.


LaTeX Warning: `!h' float specifier changed to `!ht'.

<images/12.jpg, id=884, 1905.1175pt x 913.4125pt>
File: images/12.jpg Graphic file (type jpg)
 <use images/12.jpg>
Package pdftex.def Info: images/12.jpg used on input line 854.
(pdftex.def)             Requested size: 411.93878pt x 197.49486pt.


LaTeX Warning: `!h' float specifier changed to `!ht'.

<images/13.jpg, id=885, 1904.11375pt x 914.41624pt>
File: images/13.jpg Graphic file (type jpg)
 <use images/13.jpg>
Package pdftex.def Info: images/13.jpg used on input line 860.
(pdftex.def)             Requested size: 411.93878pt x 197.8235pt.


LaTeX Warning: `!h' float specifier changed to `!ht'.

<images/14.jpg, id=886, 1905.1175pt x 912.40875pt>
File: images/14.jpg Graphic file (type jpg)
 <use images/14.jpg>
Package pdftex.def Info: images/14.jpg used on input line 866.
(pdftex.def)             Requested size: 411.93878pt x 197.27783pt.


LaTeX Warning: `!h' float specifier changed to `!ht'.

<images/15.jpg, id=887, 1906.12125pt x 913.4125pt>
File: images/15.jpg Graphic file (type jpg)
 <use images/15.jpg>
Package pdftex.def Info: images/15.jpg used on input line 872.
(pdftex.def)             Requested size: 411.93878pt x 197.3973pt.


LaTeX Warning: `!h' float specifier changed to `!ht'.

<images/16.jpg, id=888, 1905.1175pt x 914.41624pt>
File: images/16.jpg Graphic file (type jpg)
 <use images/16.jpg>
Package pdftex.def Info: images/16.jpg used on input line 878.
(pdftex.def)             Requested size: 411.93878pt x 197.71188pt.


LaTeX Warning: `!h' float specifier changed to `!ht'.

<images/17.jpg, id=889, 1426.32875pt x 700.6175pt>
File: images/17.jpg Graphic file (type jpg)
 <use images/17.jpg>
Package pdftex.def Info: images/17.jpg used on input line 884.
(pdftex.def)             Requested size: 411.93878pt x 202.34pt.


LaTeX Warning: `!h' float specifier changed to `!ht'.

[46

] [47 <./images/1.jpg> <./images/2.jpg>] [48 <./images/3.jpg> <./images/4.jpg>]
 [49 <./images/5.jpg> <./images/6.jpg>] [50 <./images/7.jpg> <./images/8.jpg>] 
[51 <./images/9.jpg> <./images/10.jpg>] [52 <./images/12.jpg> <./images/13.jpg>
] [53 <./images/14.jpg> <./images/15.jpg>] [54 <./images/16.jpg> <./images/17.j
pg>] <images/prev_tool.jpg, id=930, 1281.78876pt x 310.15875pt>
File: images/prev_tool.jpg Graphic file (type jpg)

<use images/prev_tool.jpg>
Package pdftex.def Info: images/prev_tool.jpg used on input line 895.
(pdftex.def)             Requested size: 411.93878pt x 99.67403pt.
 [55

 <./images/prev_tool.jpg>] [56]
<images/lba_banding_full.jpg, id=943, 1427.3325pt x 700.6175pt>
File: images/lba_banding_full.jpg Graphic file (type jpg)

<use images/lba_banding_full.jpg>
Package pdftex.def Info: images/lba_banding_full.jpg used on input line 906.
(pdftex.def)             Requested size: 411.93878pt x 202.20102pt.

<images/11.jpg, id=946, 1905.1175pt x 912.40875pt>
File: images/11.jpg Graphic file (type jpg)
 <use images/11.jpg>
Package pdftex.def Info: images/11.jpg used on input line 913.
(pdftex.def)             Requested size: 411.93878pt x 197.27783pt.
 [57

 <./images/lba_banding_full.jpg> <./images/11.jpg>]
<images/no_queue.jpg, id=955, 1423.3175pt x 701.62125pt>
File: images/no_queue.jpg Graphic file (type jpg)

<use images/no_queue.jpg>
Package pdftex.def Info: images/no_queue.jpg used on input line 922.
(pdftex.def)             Requested size: 411.93878pt x 203.05812pt.
 [58 <./images/no_queue.jpg>] [59] [60] [61]
Chapter 6.
[62

] [63] (./storage_system_vis.bbl
Underfull \hbox (badness 10000) in paragraph at lines 4--10
[]\OT1/cmr/m/n/12 Hard Drive Model.  [][]$\OT1/cmtt/m/n/12 http : / / 3 . bp . 
blogspot . com / _W64Onuz0TgA /
 []


Underfull \hbox (badness 10000) in paragraph at lines 4--10
\OT1/cmtt/m/n/12 SwaxTjUY6kI / AAAAAAAAABQ / xoQeVvjeLFo / s320 / 300px-[]Disk-
[]structure .
 []


Underfull \hbox (badness 1377) in paragraph at lines 4--10
\OT1/cmtt/m/n/12 svg . png$[][]\OT1/cmr/m/n/12 , Novem-ber 2009.  A con-cise fi
g-ure il-lus-trat-ing the var-i-ous
 []

[64


]
Underfull \hbox (badness 3536) in paragraph at lines 46--51
[]\OT1/cmr/m/n/12 Amber Huff-man and Joni Clark.  Se-rial ATA Na-tive Com-mand
 []


Underfull \hbox (badness 1762) in paragraph at lines 46--51
\OT1/cmr/m/n/12 Queu-ing.  White pa-per, In-tel Cor-po-ra-tion and Sea-gate Tec
h-nol-ogy
 []


Underfull \hbox (badness 10000) in paragraph at lines 46--51
[][]$\OT1/cmtt/m/n/12 http : / / www . seagate . com / content / pdf / whitepap
er / D2c _ tech _ paper _
 []

Missing character: There is no Ã in font cmr12!
Missing character: There is no ¤ in font cmr12!

Underfull \hbox (badness 2495) in paragraph at lines 78--83
[]\OT1/cmr/m/n/12 Sami Niemel.  PC-Mark05 PC Per-for-mance Anal-y-sis.  White p
a-
 []

[65]
Underfull \hbox (badness 10000) in paragraph at lines 112--119
[]\OT1/cmr/m/n/12 Steven Pung-dumri.  Data stor-age sys-tem vi-su-al-iza-
 []


Underfull \hbox (badness 10000) in paragraph at lines 112--119
\OT1/cmr/m/n/12 tion doc-u-men-ta-tion.  [][]$\OT1/cmtt/m/n/12 http : / / steve
n . pungdumri . com /
 []


Underfull \hbox (badness 1783) in paragraph at lines 112--119
\OT1/cmtt/m/n/12 data-[]storage-[]system-[]analysis-[]documentation . html$[][]
\OT1/cmr/m/n/12 , Febru-ary 2012.
 []


Underfull \hbox (badness 1365) in paragraph at lines 134--138
\OT1/cmr/m/n/12 signal-to-noise ra-tio.  [][]$\OT1/cmtt/m/n/12 http : / / www .
 microscopyu . com / tutorials / java /
 []

[66]) [67]
Appendix A.
[68

] [69] [70] [71] [72] [73]
Appendix B.
<images/documentation/remove_dimension.jpg, id=1094, 196.735pt x 243.91125pt>
File: images/documentation/remove_dimension.jpg Graphic file (type jpg)

<use images/documentation/remove_dimension.jpg>
Package pdftex.def Info: images/documentation/remove_dimension.jpg used on inpu
t line 1079.
(pdftex.def)             Requested size: 205.96939pt x 255.35884pt.
 [74

]
<images/documentation/insert_dimension.jpg, id=1099, 275.0275pt x 168.63pt>
File: images/documentation/insert_dimension.jpg Graphic file (type jpg)

<use images/documentation/insert_dimension.jpg>
Package pdftex.def Info: images/documentation/insert_dimension.jpg used on inpu
t line 1088.
(pdftex.def)             Requested size: 205.96939pt x 126.29205pt.
 [75 <./images/documentation/remove_dimension.jpg>] [76 <./images/documentation
/insert_dimension.jpg>]
<images/documentation/brush_range.jpg, id=1108, 194.7275pt x 248.93pt>
File: images/documentation/brush_range.jpg Graphic file (type jpg)

<use images/documentation/brush_range.jpg>
Package pdftex.def Info: images/documentation/brush_range.jpg used on input lin
e 1103.
(pdftex.def)             Requested size: 205.96939pt x 263.30997pt.

<images/documentation/select_brush_range.jpg, id=1109, 676.5275pt x 321.2pt>
File: images/documentation/select_brush_range.jpg Graphic file (type jpg)

<use images/documentation/select_brush_range.jpg>
Package pdftex.def Info: images/documentation/select_brush_range.jpg used on in
put line 1110.
(pdftex.def)             Requested size: 411.93878pt x 195.58374pt.

<images/documentation/brush_overview.jpg, id=1110, 1788.6825pt x 912.40875pt>
File: images/documentation/brush_overview.jpg Graphic file (type jpg)

<use images/documentation/brush_overview.jpg>
Package pdftex.def Info: images/documentation/brush_overview.jpg used on input 
line 1117.
(pdftex.def)             Requested size: 411.93878pt x 210.12804pt.
 [77

 <./images/documentation/brush_range.jpg>] [78 <./images/documentation/select_b
rush_range.jpg> <./images/documentation/brush_overview.jpg>]
<images/documentation/set_linear.jpg, id=1120, 287.0725pt x 307.1475pt>
File: images/documentation/set_linear.jpg Graphic file (type jpg)

<use images/documentation/set_linear.jpg>
Package pdftex.def Info: images/documentation/set_linear.jpg used on input line
 1127.
(pdftex.def)             Requested size: 205.96939pt x 220.37741pt.

<images/documentation/set_logarithmic.jpg, id=1121, 325.215pt x 249.93375pt>
File: images/documentation/set_logarithmic.jpg Graphic file (type jpg)

<use images/documentation/set_logarithmic.jpg>
Package pdftex.def Info: images/documentation/set_logarithmic.jpg used on input
 line 1134.
(pdftex.def)             Requested size: 205.96939pt x 158.29428pt.
 [79 <./images/documentation/set_linear.jpg> <./images/documentation/set_logari
thmic.jpg>]
<images/documentation/enable_overview.jpg, id=1126, 519.9425pt x 353.32pt>
File: images/documentation/enable_overview.jpg Graphic file (type jpg)

<use images/documentation/enable_overview.jpg>
Package pdftex.def Info: images/documentation/enable_overview.jpg used on input
 line 1147.
(pdftex.def)             Requested size: 411.93878pt x 279.92842pt.

<images/documentation/overview.jpg, id=1127, 1892.06876pt x 803.0pt>
File: images/documentation/overview.jpg Graphic file (type jpg)

<use images/documentation/overview.jpg>
Package pdftex.def Info: images/documentation/overview.jpg used on input line 1
154.
(pdftex.def)             Requested size: 411.93878pt x 174.82263pt.
 [80 <./images/documentation/enable_overview.jpg>]
<images/documentation/brush_focus.jpg, id=1132, 1904.11375pt x 1049.9225pt>
File: images/documentation/brush_focus.jpg Graphic file (type jpg)

<use images/documentation/brush_focus.jpg>
Package pdftex.def Info: images/documentation/brush_focus.jpg used on input lin
e 1166.
(pdftex.def)             Requested size: 411.93878pt x 227.13873pt.
 [81 <./images/documentation/overview.jpg>]
<images/documentation/enable_color.jpg, id=1137, 520.94624pt x 354.32375pt>
File: images/documentation/enable_color.jpg Graphic file (type jpg)

<use images/documentation/enable_color.jpg>
Package pdftex.def Info: images/documentation/enable_color.jpg used on input li
ne 1176.
(pdftex.def)             Requested size: 411.93878pt x 280.18301pt.

<images/documentation/disable_color.jpg, id=1138, 519.9425pt x 354.32375pt>
File: images/documentation/disable_color.jpg Graphic file (type jpg)

<use images/documentation/disable_color.jpg>
Package pdftex.def Info: images/documentation/disable_color.jpg used on input l
ine 1183.
(pdftex.def)             Requested size: 411.93878pt x 280.72366pt.

<images/documentation/color_overview.jpg, id=1139, 1782.66pt x 911.405pt>
File: images/documentation/color_overview.jpg Graphic file (type jpg)

<use images/documentation/color_overview.jpg>
Package pdftex.def Info: images/documentation/color_overview.jpg used on input 
line 1190.
(pdftex.def)             Requested size: 411.93878pt x 210.60612pt.
 [82 <./images/documentation/brush_focus.jpg>] [83 <./images/documentation/enab
le_color.jpg>] [84 <./images/documentation/disable_color.jpg> <./images/documen
tation/color_overview.jpg>]
<images/documentation/scale.jpg, id=1153, 1779.64874pt x 908.39375pt>
File: images/documentation/scale.jpg Graphic file (type jpg)

<use images/documentation/scale.jpg>
Package pdftex.def Info: images/documentation/scale.jpg used on input line 1208
.
(pdftex.def)             Requested size: 411.93878pt x 210.25682pt.
 [85

] [86 <./images/documentation/scale.jpg>] <images/documentation/reset.jpg, id=1
162, 518.93875pt x 356.33125pt>
File: images/documentation/reset.jpg Graphic file (type jpg)

<use images/documentation/reset.jpg>
Package pdftex.def Info: images/documentation/reset.jpg used on input line 1220
.
(pdftex.def)             Requested size: 411.93878pt x 282.87419pt.
 [87

 <./images/documentation/reset.jpg>]
<images/documentation/open.jpg, id=1168, 519.9425pt x 358.33875pt>
File: images/documentation/open.jpg Graphic file (type jpg)

<use images/documentation/open.jpg>
Package pdftex.def Info: images/documentation/open.jpg used on input line 1233.

(pdftex.def)             Requested size: 411.93878pt x 283.90468pt.
 [88 <./images/documentation/open.jpg>]
<images/documentation/discrete.jpg, id=1173, 317.185pt x 803.0pt>
File: images/documentation/discrete.jpg Graphic file (type jpg)

<use images/documentation/discrete.jpg>
Package pdftex.def Info: images/documentation/discrete.jpg used on input line 1
254.
(pdftex.def)             Requested size: 205.96939pt x 521.4537pt.
 [89] [90 <./images/documentation/discrete.jpg>] <images/documentation/continuo
us.jpg, id=1183, 319.1925pt x 803.0pt>
File: images/documentation/continuous.jpg Graphic file (type jpg)

<use images/documentation/continuous.jpg>
Package pdftex.def Info: images/documentation/continuous.jpg used on input line
 1264.
(pdftex.def)             Requested size: 205.96939pt x 518.15771pt.

<images/documentation/axes.jpg, id=1184, 1770.615pt x 711.65875pt>
File: images/documentation/axes.jpg Graphic file (type jpg)

<use images/documentation/axes.jpg>
Package pdftex.def Info: images/documentation/axes.jpg used on input line 1271.

(pdftex.def)             Requested size: 411.93878pt x 165.56754pt.
Package atveryend Info: Empty hook `BeforeClearDocument' on input line 1276.
 [91] [92 <./images/documentation/continuous.jpg>] [93 <./images/documentation/
axes.jpg>]
Package atveryend Info: Empty hook `AfterLastShipout' on input line 1276.
 (./storage_system_vis.aux)
Package atveryend Info: Executing hook `AtVeryEndDocument' on input line 1276.
Package atveryend Info: Executing hook `AtEndAfterFileList' on input line 1276.

Package rerunfilecheck Info: File `storage_system_vis.out' has not changed.
(rerunfilecheck)             Checksum: E271A6449D4E8A845565AAF098706D02;4152.


LaTeX Warning: There were multiply-defined labels.

Package atveryend Info: Empty hook `AtVeryVeryEnd' on input line 1276.
 ) 
Here is how much of TeX's memory you used:
 8974 strings out of 493634
 132696 string characters out of 3143401
 222375 words of memory out of 3000000
 11780 multiletter control sequences out of 15000+200000
 11870 words of font info for 44 fonts, out of 3000000 for 9000
 831 hyphenation exceptions out of 8191
 40i,10n,67p,1740b,608s stack positions out of 5000i,500n,10000p,200000b,50000s
{/usr/local/texlive/2011/texmf-dist/fonts/enc/dvips/cm-super/cm-super-ts1.enc
}</usr/local/texlive/2011/texmf-dist/fonts/type1/public/amsfonts/cm/cmbx12.pfb>
</usr/local/texlive/2011/texmf-dist/fonts/type1/public/amsfonts/cm/cmmi12.pfb><
/usr/local/texlive/2011/texmf-dist/fonts/type1/public/amsfonts/cm/cmr12.pfb></u
sr/local/texlive/2011/texmf-dist/fonts/type1/public/amsfonts/cm/cmr8.pfb></usr/
local/texlive/2011/texmf-dist/fonts/type1/public/amsfonts/cm/cmsy10.pfb></usr/l
ocal/texlive/2011/texmf-dist/fonts/type1/public/amsfonts/cm/cmti12.pfb></usr/lo
cal/texlive/2011/texmf-dist/fonts/type1/public/amsfonts/cm/cmtt12.pfb></usr/loc
al/texlive/2011/texmf-dist/fonts/type1/public/cm-super/sfrm1200.pfb>
Output written on storage_system_vis.pdf (106 pages, 45231597 bytes).
PDF statistics:
 1298 PDF objects out of 1440 (max. 8388607)
 1095 compressed objects within 11 object streams
 319 named destinations out of 1000 (max. 500000)
 850 words of extra memory for PDF output out of 10000 (max. 10000000)

